<?xml version="1.0" encoding="UTF-8"?>
<!-- Generated by org.testng.reporters.JUnitReportReporter -->
<testsuite hostname="DESKTOP-LBB4HR3" failures="0" tests="1" name="testscripts.regression.ToVerifyCheckoutDateIsLaterCheckInDateUsingPOM" time="40.224" errors="0" timestamp="2024-03-28T15:33:31 IST" skipped="0">
  <testcase classname="testscripts.regression.ToVerifyCheckoutDateIsLaterCheckInDateUsingPOM" name="LoginTest" time="40.224"/>
</testsuite> <!-- testscripts.regression.ToVerifyCheckoutDateIsLaterCheckInDateUsingPOM -->
