<?xml version="1.0" encoding="UTF-8"?>
<!-- Generated by org.testng.reporters.JUnitReportReporter -->
<testsuite hostname="DESKTOP-LBB4HR3" failures="0" tests="1" name="testscripts.regression.ValidateLoginUsingPOM" time="53.516" errors="0" timestamp="2024-03-28T11:57:10 IST" skipped="0">
  <testcase classname="testscripts.regression.ValidateLoginUsingPOM" name="validateLoginTest" time="53.516"/>
</testsuite> <!-- testscripts.regression.ValidateLoginUsingPOM -->
