<?xml version="1.0" encoding="UTF-8"?>
<!-- Generated by org.testng.reporters.JUnitReportReporter -->
<testsuite hostname="DESKTOP-LBB4HR3" failures="0" tests="1" name="testscripts.regression.ValidateLogin" time="19.054" errors="0" timestamp="2024-03-25T10:05:29 IST" skipped="0">
  <testcase classname="testscripts.regression.ValidateLogin" name="validateLoginTest" time="19.054"/>
</testsuite> <!-- testscripts.regression.ValidateLogin -->
