<?xml version="1.0" encoding="UTF-8"?>
<!-- Generated by org.testng.reporters.JUnitReportReporter -->
<testsuite hostname="DESKTOP-LBB4HR3" failures="0" tests="1" name="testscripts.regression.ToVerifyCheckoutDateIsLaterCheckInDate" time="21.693" errors="0" timestamp="2024-03-28T15:31:15 IST" skipped="0">
  <testcase classname="testscripts.regression.ToVerifyCheckoutDateIsLaterCheckInDate" name="LoginTest" time="21.693"/>
</testsuite> <!-- testscripts.regression.ToVerifyCheckoutDateIsLaterCheckInDate -->
