<?xml version="1.0" encoding="UTF-8"?>
<!-- Generated by org.testng.reporters.JUnitReportReporter -->
<testsuite hostname="DESKTOP-LBB4HR3" failures="0" tests="1" name="testscripts.regression.ValidateLoginUsingPOMAndDataProvider" time="80.850" errors="0" timestamp="2024-03-29T11:23:38 IST" skipped="0">
  <testcase classname="testscripts.regression.ValidateLoginUsingPOMAndDataProvider" name="validateLoginTest" time="80.850"/>
</testsuite> <!-- testscripts.regression.ValidateLoginUsingPOMAndDataProvider -->
