<?xml version="1.0" encoding="UTF-8"?>
<!-- Generated by org.testng.reporters.JUnitReportReporter -->
<testsuite hostname="DESKTOP-LBB4HR3" failures="0" tests="3" name="testscripts.regression.ToVerifyInvalidLoginDetails" time="117.290" errors="0" timestamp="2024-03-24T15:06:09 IST" skipped="0">
  <testcase classname="testscripts.regression.ToVerifyInvalidLoginDetails" name="toVerifyInValidUserNameInValidPassword" time="28.148"/>
  <testcase classname="testscripts.regression.ToVerifyInvalidLoginDetails" name="toVerifyValidUserNameInValidPassword" time="56.512"/>
  <testcase classname="testscripts.regression.ToVerifyInvalidLoginDetails" name="ToVerifyInValidUsernameValidPassword" time="32.630"/>
</testsuite> <!-- testscripts.regression.ToVerifyInvalidLoginDetails -->
