<?xml version="1.0" encoding="UTF-8"?>
<!-- Generated by org.testng.reporters.JUnitReportReporter -->
<testsuite hostname="DESKTOP-LBB4HR3" failures="0" tests="1" name="testscripts.regression.ToVerifyValidLoginDetails" time="58.925" errors="0" timestamp="2024-03-24T14:49:24 IST" skipped="0">
  <testcase classname="testscripts.regression.ToVerifyValidLoginDetails" name="toVerifyValidLoginDetailsTest" time="58.925"/>
</testsuite> <!-- testscripts.regression.ToVerifyValidLoginDetails -->
