<?xml version="1.0" encoding="UTF-8"?>
<!-- Generated by org.testng.reporters.JUnitReportReporter -->
<testsuite hostname="DESKTOP-LBB4HR3" failures="0" tests="1" name="testscripts.regression.validateSearchUsingHybridPOM" time="104.322" errors="0" timestamp="2024-03-30T14:25:39 IST" skipped="0">
  <testcase classname="testscripts.regression.validateSearchUsingHybridPOM" name="validateSearchHotel" time="104.322"/>
</testsuite> <!-- testscripts.regression.validateSearchUsingHybridPOM -->
