<?xml version="1.0" encoding="UTF-8"?>
<!-- Generated by org.testng.reporters.JUnitReportReporter -->
<testsuite hostname="DESKTOP-LBB4HR3" failures="0" tests="1" name="testscripts.regression.ValidateLoginUsingHybrid" time="28.759" errors="0" timestamp="2024-03-25T13:20:37 IST" skipped="0">
  <testcase classname="testscripts.regression.ValidateLoginUsingHybrid" name="validateLoginTest" time="28.759"/>
</testsuite> <!-- testscripts.regression.ValidateLoginUsingHybrid -->
