<?xml version="1.0" encoding="UTF-8"?>
<!-- Generated by org.testng.reporters.JUnitReportReporter -->
<testsuite hostname="DESKTOP-LBB4HR3" failures="0" tests="1" name="testscripts.regression.ValidateLoginUsingKeyWordDriven" time="46.622" errors="0" timestamp="2024-03-25T13:04:31 IST" skipped="0">
  <testcase classname="testscripts.regression.ValidateLoginUsingKeyWordDriven" name="validateLoginTest" time="46.622"/>
</testsuite> <!-- testscripts.regression.ValidateLoginUsingKeyWordDriven -->
